<?xml version="1.0" encoding="UTF-8"?>
<!-- Generated by org.testng.reporters.JUnitReportReporter -->
<testsuite skipped="0" hostname="DESKTOP-DD2QCSC" name="RestAssured.GetRequestTest" tests="1" failures="0" timestamp="2021-04-17T02:13:59 IST" time="5.349" errors="0">
  <testcase name="getRequest" time="5.349" classname="RestAssured.GetRequestTest"/>
  <system-out/>
</testsuite> <!-- RestAssured.GetRequestTest -->
