<?xml version="1.0" encoding="UTF-8"?>
<!-- Generated by org.testng.reporters.JUnitReportReporter -->
<testsuite skipped="0" hostname="DESKTOP-DD2QCSC" name="com.test.MachineTest.HeroMotoCorp" tests="1" failures="0" timestamp="2021-04-17T02:12:34 IST" time="6.891" errors="0">
  <testcase name="SelectHeroMotoCorp" time="6.891" classname="com.test.MachineTest.HeroMotoCorp"/>
  <system-out/>
</testsuite> <!-- com.test.MachineTest.HeroMotoCorp -->
