<?xml version="1.0" encoding="UTF-8"?>
<!-- Generated by org.testng.reporters.JUnitReportReporter -->
<testsuite skipped="0" hostname="DESKTOP-DD2QCSC" name="com.test.MachineTest.AppTest" tests="1" failures="0" timestamp="2021-04-16T16:10:38 IST" time="10.584" errors="0">
  <testcase name="SelectHeroMotoCorp" time="10.584" classname="com.test.MachineTest.AppTest"/>
  <system-out/>
</testsuite> <!-- com.test.MachineTest.AppTest -->
