<?xml version="1.0" encoding="UTF-8"?>
<!-- Generated by org.testng.reporters.JUnitReportReporter -->
<testsuite skipped="0" hostname="DESKTOP-DD2QCSC" name="RestAssured.PostRequest" tests="1" failures="0" timestamp="2021-04-17T02:15:18 IST" time="4.750" errors="0">
  <testcase name="postReq" time="4.750" classname="RestAssured.PostRequest"/>
  <system-out/>
</testsuite> <!-- RestAssured.PostRequest -->
