<?xml version="1.0" encoding="UTF-8"?>
<!-- Generated by org.testng.reporters.JUnitReportReporter -->
<testsuite skipped="0" hostname="DESKTOP-DD2QCSC" name="com.test.MachineTest.MMTAppln" tests="1" failures="0" timestamp="2021-04-16T22:08:40 IST" time="10.516" errors="0">
  <testcase name="makeMyTripOperations" time="10.516" classname="com.test.MachineTest.MMTAppln"/>
  <system-out/>
</testsuite> <!-- com.test.MachineTest.MMTAppln -->
